┏━━━━━━━┳━━━━━━━━━┳━━━━━━━━━━┳━━━━━━━━━━━━┳━━━━━━━━━━━━━━━━━━━━━━━━┳━━━━━━━┓
┃ P / R ┃ Partial ┃ Required ┃ Net        ┃ Pin                    ┃ Layer ┃
┡━━━━━━━╇━━━━━━━━━╇━━━━━━━━━━╇━━━━━━━━━━━━╇━━━━━━━━━━━━━━━━━━━━━━━━╇━━━━━━━┩
│ 9.54  │ 3817.27 │ 400.00   │ HADDR[15]  │ frigate_prj/HADDR[15]  │ met3  │
│ 9.48  │ 3793.90 │ 400.00   │ HADDR[14]  │ frigate_prj/HADDR[14]  │ met3  │
│ 9.43  │ 3770.54 │ 400.00   │ HADDR[13]  │ frigate_prj/HADDR[13]  │ met3  │
│ 9.37  │ 3747.17 │ 400.00   │ HADDR[12]  │ frigate_prj/HADDR[12]  │ met3  │
│ 9.31  │ 3723.81 │ 400.00   │ HADDR[11]  │ frigate_prj/HADDR[11]  │ met3  │
│ 9.25  │ 3700.44 │ 400.00   │ HADDR[10]  │ frigate_prj/HADDR[10]  │ met3  │
│ 9.19  │ 3677.08 │ 400.00   │ HADDR[9]   │ frigate_prj/HADDR[9]   │ met3  │
│ 9.08  │ 3630.35 │ 400.00   │ HADDR[7]   │ frigate_prj/HADDR[7]   │ met3  │
│ 8.90  │ 3560.25 │ 400.00   │ HADDR[4]   │ frigate_prj/HADDR[4]   │ met3  │
│ 8.68  │ 3472.63 │ 400.00   │ HADDR[2]   │ frigate_prj/HADDR[2]   │ met3  │
│ 8.42  │ 3367.49 │ 400.00   │ HADDR[1]   │ frigate_prj/HADDR[1]   │ met3  │
│ 8.33  │ 3332.44 │ 400.00   │ HRESETn    │ frigate_prj/HRESETn    │ met3  │
│ 8.29  │ 3314.92 │ 400.00   │ HREADY     │ frigate_prj/HREADY     │ met3  │
│ 8.18  │ 3271.11 │ 400.00   │ HADDR[0]   │ frigate_prj/HADDR[0]   │ met3  │
│ 8.16  │ 3262.35 │ 400.00   │ HSEL       │ frigate_prj/HSEL       │ met3  │
│ 6.94  │ 2777.14 │ 400.00   │ HTRANS[1]  │ frigate_prj/HTRANS[1]  │ met5  │
│ 3.06  │ 1225.71 │ 400.00   │ HTRANS[1]  │ frigate_prj/HTRANS[1]  │ met4  │
│ 1.83  │ 732.83  │ 400.00   │ HWDATA[15] │ frigate_prj/HWDATA[15] │ met3  │
│ 1.69  │ 674.67  │ 400.00   │ HWDATA[13] │ frigate_prj/HWDATA[13] │ met3  │
│ 1.69  │ 674.67  │ 400.00   │ HWDATA[14] │ frigate_prj/HWDATA[14] │ met3  │
│ 1.64  │ 654.10  │ 400.00   │ HWDATA[12] │ frigate_prj/HWDATA[12] │ met3  │
│ 1.57  │ 627.94  │ 400.00   │ HWDATA[11] │ frigate_prj/HWDATA[11] │ met3  │
│ 1.54  │ 616.25  │ 400.00   │ HWRITE     │ frigate_prj/HWRITE     │ met3  │
│ 1.45  │ 581.21  │ 400.00   │ HWDATA[10] │ frigate_prj/HWDATA[10] │ met3  │
│ 1.45  │ 581.21  │ 400.00   │ HWDATA[9]  │ frigate_prj/HWDATA[9]  │ met3  │
│ 1.40  │ 561.81  │ 400.00   │ HWDATA[10] │ frigate_prj/HWDATA[10] │ met2  │
│ 1.39  │ 557.92  │ 400.00   │ HWDATA[7]  │ frigate_prj/HWDATA[7]  │ met2  │
│ 1.39  │ 555.47  │ 400.00   │ HSEL       │ frigate_prj/HSEL       │ met2  │
│ 1.39  │ 554.14  │ 400.00   │ HRESETn    │ frigate_prj/HRESETn    │ met2  │
│ 1.37  │ 546.69  │ 400.00   │ HWDATA[14] │ frigate_prj/HWDATA[14] │ met2  │
│ 1.37  │ 546.58  │ 400.00   │ HWDATA[12] │ frigate_prj/HWDATA[12] │ met2  │
│ 1.34  │ 535.25  │ 400.00   │ HWDATA[11] │ frigate_prj/HWDATA[11] │ met2  │
│ 1.34  │ 535.25  │ 400.00   │ HWDATA[15] │ frigate_prj/HWDATA[15] │ met2  │
│ 1.33  │ 531.47  │ 400.00   │ HWDATA[9]  │ frigate_prj/HWDATA[9]  │ met2  │
│ 1.32  │ 528.63  │ 400.00   │ HWDATA[7]  │ frigate_prj/HWDATA[7]  │ met3  │
│ 1.32  │ 527.69  │ 400.00   │ HWRITE     │ frigate_prj/HWRITE     │ met2  │
│ 1.31  │ 523.92  │ 400.00   │ HWDATA[13] │ frigate_prj/HWDATA[13] │ met2  │
│ 1.25  │ 501.25  │ 400.00   │ HADDR[7]   │ frigate_prj/HADDR[7]   │ met2  │
│ 1.24  │ 497.47  │ 400.00   │ HADDR[2]   │ frigate_prj/HADDR[2]   │ met2  │
│ 1.23  │ 490.23  │ 400.00   │ HCLK       │ frigate_prj/HCLK       │ met3  │
│ 1.16  │ 463.47  │ 400.00   │ HADDR[12]  │ frigate_prj/HADDR[12]  │ met2  │
│ 1.06  │ 423.49  │ 400.00   │ HWDATA[2]  │ frigate_prj/HWDATA[2]  │ met3  │
└───────┴─────────┴──────────┴────────────┴────────────────────────┴───────┘
